
Using ActiveSalesforce connection
Establishing new connection for ['https://www.salesforce.com/services/Soap/u/11.0', 'afreeberg@ewebhealth.com, ''
Created new connection for ['https://www.salesforce.com/services/Soap/u/11.0', 'afreeberg@ewebhealth.com', ''] in 0.887220144271851 seconds
   Creating ActiveRecord stub for the referenced entity 'Contact'
   Created one-to-one relationship 'contact' from Salesforce::Case to Salesforce::Contact using contact_id
   Creating ActiveRecord stub for the referenced entity 'Account'
   Created one-to-one relationship 'account' from Salesforce::Case to Salesforce::Account using account_id
   Created one-to-one relationship 'parent' from Salesforce::Case to Salesforce::Case using parent_id
   Creating ActiveRecord stub for the referenced entity 'RecordType'
   Created one-to-one relationship 'record_type' from Salesforce::Case to Salesforce::RecordType using record_type_id
   Skipping unsupported polymophic one-to-one relationship 'owner' from Salesforce::Case to [Group, User] using owner_id
   Creating ActiveRecord stub for the referenced entity 'User'
   Created one-to-one relationship 'created_by' from Salesforce::Case to Salesforce::User using created_by_id
   Created one-to-one relationship 'last_modified_by' from Salesforce::Case to Salesforce::User using last_modified_by_id
   Created one-to-one relationship 'case_advocate__c' from Salesforce::Case to Salesforce::User using case_advocate_id__c
   Creating ActiveRecord stub for the referenced entity 'ActivityHistory'
   Created one-to-many relationship 'activity_histories' from Salesforce::Case to Salesforce::ActivityHistory using what_id
   Creating ActiveRecord stub for the referenced entity 'CaseComment'
   Created one-to-many relationship 'case_comments' from Salesforce::Case to Salesforce::CaseComment using parent_id
   Creating ActiveRecord stub for the referenced entity 'CaseContactRole'
   Created one-to-many relationship 'case_contact_roles' from Salesforce::Case to Salesforce::CaseContactRole using cases_id
   Creating ActiveRecord stub for the referenced entity 'CaseHistory'
   Created one-to-many relationship 'histories' from Salesforce::Case to Salesforce::CaseHistory using case_id
   Creating ActiveRecord stub for the referenced entity 'CaseShare'
   Created one-to-many relationship 'shares' from Salesforce::Case to Salesforce::CaseShare using case_id
   Creating ActiveRecord stub for the referenced entity 'CaseSolution'
   Created one-to-many relationship 'case_solutions' from Salesforce::Case to Salesforce::CaseSolution using case_id
   Creating ActiveRecord stub for the referenced entity 'Event'
   Created one-to-many relationship 'events' from Salesforce::Case to Salesforce::Event using what_id
   Creating ActiveRecord stub for the referenced entity 'OpenActivity'
   Created one-to-many relationship 'open_activities' from Salesforce::Case to Salesforce::OpenActivity using what_id
   Creating ActiveRecord stub for the referenced entity 'ProcessInstance'
   Created one-to-many relationship 'process_instances' from Salesforce::Case to Salesforce::ProcessInstance using target_object_id
   Creating ActiveRecord stub for the referenced entity 'Task'
   Created one-to-many relationship 'tasks' from Salesforce::Case to Salesforce::Task using what_id
